
> web@0.1.0 build C:\Users\User\Desktop\development\my-portfolios\apps\web
> next build

   ▲ Next.js 15.5.6

   Creating an optimized production build ...
 ✓ Compiled successfully in 99s
   Linting and checking validity of types ...
   Collecting page data ...
 ⚠ Using edge runtime on a page currently disables static generation for that page
   Generating static pages (0/6) ...
   Generating static pages (1/6) 
Error fetching portfolio items for sitemap: TypeError: fetch failed
    at async e (C:\Users\User\Desktop\development\my-portfolios\apps\web\.next\server\app\sitemap.xml\route.js:1:8308)
    at async x (C:\Users\User\Desktop\development\my-portfolios\apps\web\.next\server\app\sitemap.xml\route.js:1:982)
    at async A (C:\Users\User\Desktop\development\my-portfolios\apps\web\.next\server\app\sitemap.xml\route.js:1:2090) {
  [cause]: [AggregateError: ] { code: 'ECONNREFUSED' }
}
Error fetching analytics settings: TypeError: fetch failed
    at async e (C:\Users\User\Desktop\development\my-portfolios\apps\web\.next\server\app\sitemap.xml\route.js:1:8308)
    at async u (C:\Users\User\Desktop\development\my-portfolios\apps\web\.next\server\chunks\287.js:1:16186)
    at async y (C:\Users\User\Desktop\development\my-portfolios\apps\web\.next\server\chunks\287.js:1:17884) {
  [cause]: [AggregateError: ] { code: 'ECONNREFUSED' }
}
Error fetching site settings: TypeError: fetch failed
    at async e (C:\Users\User\Desktop\development\my-portfolios\apps\web\.next\server\app\sitemap.xml\route.js:1:8308)
    at async w (C:\Users\User\Desktop\development\my-portfolios\apps\web\.next\server\chunks\287.js:1:16509)
    at async y (C:\Users\User\Desktop\development\my-portfolios\apps\web\.next\server\chunks\287.js:1:17884) {
  [cause]: [AggregateError: ] { code: 'ECONNREFUSED' }
}
Error fetching page content: TypeError: fetch failed
    at async e (C:\Users\User\Desktop\development\my-portfolios\apps\web\.next\server\app\sitemap.xml\route.js:1:8308)
    at async v (C:\Users\User\Desktop\development\my-portfolios\apps\web\.next\server\chunks\287.js:1:16377)
    at async y (C:\Users\User\Desktop\development\my-portfolios\apps\web\.next\server\chunks\287.js:1:17884) {
  [cause]: [AggregateError: ] { code: 'ECONNREFUSED' }
}
Error fetching site settings: TypeError: fetch failed
    at async e (C:\Users\User\Desktop\development\my-portfolios\apps\web\.next\server\app\sitemap.xml\route.js:1:8308)
    at async w (C:\Users\User\Desktop\development\my-portfolios\apps\web\.next\server\chunks\287.js:1:16509)
    at async y (C:\Users\User\Desktop\development\my-portfolios\apps\web\.next\server\chunks\287.js:1:17884) {
  [cause]: [AggregateError: ] { code: 'ECONNREFUSED' }
}
Error fetching SEO data: TypeError: fetch failed
    at async e (C:\Users\User\Desktop\development\my-portfolios\apps\web\.next\server\app\sitemap.xml\route.js:1:8308)
    at async v (C:\Users\User\Desktop\development\my-portfolios\apps\web\.next\server\chunks\287.js:1:16377)
    at async y (C:\Users\User\Desktop\development\my-portfolios\apps\web\.next\server\chunks\287.js:1:17884) {
  [cause]: [AggregateError: ] { code: 'ECONNREFUSED' }
}
Error fetching analytics settings: TypeError: fetch failed
    at async e (C:\Users\User\Desktop\development\my-portfolios\apps\web\.next\server\app\sitemap.xml\route.js:1:8308)
    at async u (C:\Users\User\Desktop\development\my-portfolios\apps\web\.next\server\chunks\287.js:1:16186)
    at async y (C:\Users\User\Desktop\development\my-portfolios\apps\web\.next\server\chunks\287.js:1:17884) {
  [cause]: [AggregateError: ] { code: 'ECONNREFUSED' }
}
Error fetching site settings: TypeError: fetch failed
    at async e (C:\Users\User\Desktop\development\my-portfolios\apps\web\.next\server\app\sitemap.xml\route.js:1:8308)
    at async w (C:\Users\User\Desktop\development\my-portfolios\apps\web\.next\server\chunks\287.js:1:16509)
    at async y (C:\Users\User\Desktop\development\my-portfolios\apps\web\.next\server\chunks\287.js:1:17884) {
  [cause]: [AggregateError: ] { code: 'ECONNREFUSED' }
}
Error fetching page content: TypeError: fetch failed
    at async e (C:\Users\User\Desktop\development\my-portfolios\apps\web\.next\server\app\sitemap.xml\route.js:1:8308)
    at async v (C:\Users\User\Desktop\development\my-portfolios\apps\web\.next\server\chunks\287.js:1:16377)
    at async y (C:\Users\User\Desktop\development\my-portfolios\apps\web\.next\server\chunks\287.js:1:17884) {
  [cause]: [AggregateError: ] { code: 'ECONNREFUSED' }
}
Error fetching SEO data: TypeError: fetch failed
    at async e (C:\Users\User\Desktop\development\my-portfolios\apps\web\.next\server\app\sitemap.xml\route.js:1:8308)
    at async v (C:\Users\User\Desktop\development\my-portfolios\apps\web\.next\server\chunks\287.js:1:16377)
    at async y (C:\Users\User\Desktop\development\my-portfolios\apps\web\.next\server\chunks\287.js:1:17884) {
  [cause]: [AggregateError: ] { code: 'ECONNREFUSED' }
}
Error fetching site settings: TypeError: fetch failed
    at async e (C:\Users\User\Desktop\development\my-portfolios\apps\web\.next\server\app\sitemap.xml\route.js:1:8308)
    at async w (C:\Users\User\Desktop\development\my-portfolios\apps\web\.next\server\chunks\287.js:1:16509)
    at async y (C:\Users\User\Desktop\development\my-portfolios\apps\web\.next\server\chunks\287.js:1:17884) {
  [cause]: [AggregateError: ] { code: 'ECONNREFUSED' }
}
   Generating static pages (2/6) 
   Generating static pages (4/6) 
 ✓ Generating static pages (6/6)
   Finalizing page optimization ...
   Collecting build traces ...
 ⚠ Failed to copy traced files for C:\Users\User\Desktop\development\my-portfolios\apps\web\.next\server\pages\_app.js [Error: EPERM: operation not permitted, symlink 'C:\Users\User\Desktop\development\my-portfolios\node_modules\.pnpm\react@19.1.0\node_modules\react' -> 'C:\Users\User\Desktop\development\my-portfolios\apps\web\.next\standalone\apps\web\node_modules\react'] {
  errno: -4048,
  code: 'EPERM',
  syscall: 'symlink',
  path: 'C:\\Users\\User\\Desktop\\development\\my-portfolios\\node_modules\\.pnpm\\react@19.1.0\\node_modules\\react',
  dest: 'C:\\Users\\User\\Desktop\\development\\my-portfolios\\apps\\web\\.next\\standalone\\apps\\web\\node_modules\\react'
}
 ⚠ Failed to copy traced files for C:\Users\User\Desktop\development\my-portfolios\apps\web\.next\server\pages\_error.js [Error: EPERM: operation not permitted, symlink 'C:\Users\User\Desktop\development\my-portfolios\node_modules\.pnpm\react-dom@19.1.0_react@19.1.0\node_modules\react-dom' -> 'C:\Users\User\Desktop\development\my-portfolios\apps\web\.next\standalone\node_modules\.pnpm\next@15.5.6_react-dom@19.1.0_react@19.1.0__react@19.1.0\node_modules\react-dom'] {
  errno: -4048,
  code: 'EPERM',
  syscall: 'symlink',
  path: 'C:\\Users\\User\\Desktop\\development\\my-portfolios\\node_modules\\.pnpm\\react-dom@19.1.0_react@19.1.0\\node_modules\\react-dom',
  dest: 'C:\\Users\\User\\Desktop\\development\\my-portfolios\\apps\\web\\.next\\standalone\\node_modules\\.pnpm\\next@15.5.6_react-dom@19.1.0_react@19.1.0__react@19.1.0\\node_modules\\react-dom'
}
 ⚠ Failed to copy traced files for C:\Users\User\Desktop\development\my-portfolios\apps\web\.next\server\pages\_document.js [Error: EPERM: operation not permitted, symlink 'C:\Users\User\Desktop\development\my-portfolios\node_modules\.pnpm\react@19.1.0\node_modules\react' -> 'C:\Users\User\Desktop\development\my-portfolios\apps\web\.next\standalone\node_modules\.pnpm\styled-jsx@5.1.6_react@19.1.0\node_modules\react'] {
  errno: -4048,
  code: 'EPERM',
  syscall: 'symlink',
  path: 'C:\\Users\\User\\Desktop\\development\\my-portfolios\\node_modules\\.pnpm\\react@19.1.0\\node_modules\\react',
  dest: 'C:\\Users\\User\\Desktop\\development\\my-portfolios\\apps\\web\\.next\\standalone\\node_modules\\.pnpm\\styled-jsx@5.1.6_react@19.1.0\\node_modules\\react'
}

> Build error occurred
[Error: EPERM: operation not permitted, symlink 'C:\Users\User\Desktop\development\my-portfolios\node_modules\.pnpm\@next+env@15.5.6\node_modules\@next\env' -> 'C:\Users\User\Desktop\development\my-portfolios\apps\web\.next\standalone\node_modules\.pnpm\next@15.5.6_react-dom@19.1.0_react@19.1.0__react@19.1.0\node_modules\@next\env'] {
  errno: -4048,
  code: 'EPERM',
  syscall: 'symlink',
  path: 'C:\\Users\\User\\Desktop\\development\\my-portfolios\\node_modules\\.pnpm\\@next+env@15.5.6\\node_modules\\@next\\env',
  dest: 'C:\\Users\\User\\Desktop\\development\\my-portfolios\\apps\\web\\.next\\standalone\\node_modules\\.pnpm\\next@15.5.6_react-dom@19.1.0_react@19.1.0__react@19.1.0\\node_modules\\@next\\env'
}
 ELIFECYCLE  Command failed with exit code 1.
